<?xml version="1.0" encoding="UTF-8"?>
<testsuite xmlns:xsi="http://www.w3.org/2001/XMLSchema-instance" xsi:noNamespaceSchemaLocation="https://maven.apache.org/surefire/maven-surefire-plugin/xsd/surefire-test-report.xsd" name="QAPractice.ExcelDataDrivenPractice.FacebookLoginTest" time="54.209" tests="2" errors="0" skipped="0" failures="1">
  <properties>
[...]
</properties>
  <testcase name="testLogin" classname="QAPractice.ExcelDataDrivenPractice.FacebookLoginTest" time="22.978"/>
  <testcase name="testLogin" classname="QAPractice.ExcelDataDrivenPractice.FacebookLoginTest" time="8.484">
    <failure message="no such element: Unable to locate element: {&quot;method&quot;:&quot;xpath&quot;,&quot;selector&quot;:&quot;//div[@aria-label=&apos;Facebook&apos; and @role=&apos;navigation&apos;]&quot;}&#10;  (Session info: chrome=81.0.4044.138)&#10;For documentation on this error, please visit: https://www.seleniumhq.org/exceptions/no_such_element.html&#10;Build info: version: &apos;3.141.59&apos;, revision: &apos;e82be7d358&apos;, time: &apos;2018-11-14T08:17:03&apos;&#10;System info: host: &apos;LAPTOP-E2PSIL5I&apos;, ip: &apos;192.168.1.18&apos;, os.name: &apos;Windows 10&apos;, os.arch: &apos;amd64&apos;, os.version: &apos;10.0&apos;, java.version: &apos;11.0.7&apos;&#10;Driver info: org.openqa.selenium.chrome.ChromeDriver&#10;Capabilities {acceptInsecureCerts: false, browserName: chrome, browserVersion: 81.0.4044.138, chrome: {chromedriverVersion: 81.0.4044.69 (6813546031a4b..., userDataDir: C:\Users\sharu\AppData\Loca...}, goog:chromeOptions: {debuggerAddress: localhost:65510}, javascriptEnabled: true, networkConnectionEnabled: false, pageLoadStrategy: normal, platform: WINDOWS, platformName: WINDOWS, proxy: Proxy(), setWindowRect: true, strictFileInteractability: false, timeouts: {implicit: 0, pageLoad: 300000, script: 30000}, unhandledPromptBehavior: dismiss and notify, webauthn:virtualAuthenticators: true}&#10;Session ID: c246dbb43ba2fbb1db8103f17b88e457&#10;*** Element info: {Using=xpath, value=//div[@aria-label=&apos;Facebook&apos; and @role=&apos;navigation&apos;]}" type="org.openqa.selenium.NoSuchElementException">org.openqa.selenium.NoSuchElementException: 
no such element: Unable to locate element: {"method":"xpath","selector":"//div[@aria-label='Facebook' and @role='navigation']"}
  (Session info: chrome=81.0.4044.138)
For documentation on this error, please visit: https://www.seleniumhq.org/exceptions/no_such_element.html
Build info: version: '3.141.59', revision: 'e82be7d358', time: '2018-11-14T08:17:03'
System info: host: 'LAPTOP-E2PSIL5I', ip: '192.168.1.18', os.name: 'Windows 10', os.arch: 'amd64', os.version: '10.0', java.version: '11.0.7'
Driver info: org.openqa.selenium.chrome.ChromeDriver
Capabilities {acceptInsecureCerts: false, browserName: chrome, browserVersion: 81.0.4044.138, chrome: {chromedriverVersion: 81.0.4044.69 (6813546031a4b..., userDataDir: C:\Users\sharu\AppData\Loca...}, goog:chromeOptions: {debuggerAddress: localhost:65510}, javascriptEnabled: true, networkConnectionEnabled: false, pageLoadStrategy: normal, platform: WINDOWS, platformName: WINDOWS, proxy: Proxy(), setWindowRect: true, strictFileInteractability: false, timeouts: {implicit: 0, pageLoad: 300000, script: 30000}, unhandledPromptBehavior: dismiss and notify, webauthn:virtualAuthenticators: true}
Session ID: c246dbb43ba2fbb1db8103f17b88e457
*** Element info: {Using=xpath, value=//div[@aria-label='Facebook' and @role='navigation']}
	at QAPractice.ExcelDataDrivenPractice.FacebookLoginTest.testLogin(FacebookLoginTest.java:37)
</failure>
    <system-err><![CDATA[Starting ChromeDriver 81.0.4044.69 (6813546031a4bc83f717a2ef7cd4ac6ec1199132-refs/branch-heads/4044@{#776}) on port 36989
Only local connections are allowed.
Please protect ports used by ChromeDriver and related test frameworks to prevent access by malicious code.
May 20, 2020 12:35:06 AM org.openqa.selenium.remote.ProtocolHandshake createSession
INFO: Detected dialect: W3C
[1589915109.026][SEVERE]: Timed out receiving message from renderer: 0.100
[1589915109.135][SEVERE]: Timed out receiving message from renderer: 0.100
[1589915110.669][SEVERE]: Timed out receiving message from renderer: 0.100
[1589915110.771][SEVERE]: Timed out receiving message from renderer: 0.100
[1589915110.984][SEVERE]: Timed out receiving message from renderer: 0.100
[1589915111.322][SEVERE]: Timed out receiving message from renderer: 0.100
[1589915111.425][SEVERE]: Timed out receiving message from renderer: 0.100
[1589915111.527][SEVERE]: Timed out receiving message from renderer: 0.100
[1589915111.709][SEVERE]: Timed out receiving message from renderer: 0.100
[1589915111.822][SEVERE]: Timed out receiving message from renderer: 0.100
[1589915111.924][SEVERE]: Timed out receiving message from renderer: 0.100
[1589915112.042][SEVERE]: Timed out receiving message from renderer: 0.100
[1589915112.146][SEVERE]: Timed out receiving message from renderer: 0.100
[1589915112.250][SEVERE]: Timed out receiving message from renderer: 0.100
[1589915112.352][SEVERE]: Timed out receiving message from renderer: 0.100
[1589915112.559][SEVERE]: Timed out receiving message from renderer: 0.100
[1589915112.907][SEVERE]: Timed out receiving message from renderer: 0.100
]]></system-err>
  </testcase>
</testsuite>